2024-02-01 22:56:30.862 [main] INFO  com.leonard.weblog.web.WeblogWebApplication - Starting WeblogWebApplication using Java 17.0.10 on Leonard-PC with PID 17640 (D:\Project\weblog\weblog-springboot\weblog-web\target\classes started by leonard in D:\Project\weblog\weblog-springboot)
2024-02-01 22:56:30.863 [main] INFO  com.leonard.weblog.web.WeblogWebApplication - The following profiles are active: prod
2024-02-01 22:56:31.565 [main] INFO  o.s.boot.web.embedded.tomcat.TomcatWebServer - Tomcat initialized with port(s): 8080 (http)
2024-02-01 22:56:31.572 [main] INFO  org.apache.catalina.core.StandardService - Starting service [Tomcat]
2024-02-01 22:56:31.572 [main] INFO  org.apache.catalina.core.StandardEngine - Starting Servlet engine: [Apache Tomcat/9.0.56]
2024-02-01 22:56:31.614 [main] INFO  o.a.c.core.ContainerBase.[Tomcat].[localhost].[/] - Initializing Spring embedded WebApplicationContext
2024-02-01 22:56:31.614 [main] INFO  o.s.b.w.s.c.ServletWebServerApplicationContext - Root WebApplicationContext: initialization completed in 723 ms
2024-02-01 22:56:31.872 [main] INFO  o.s.boot.web.embedded.tomcat.TomcatWebServer - Tomcat started on port(s): 8080 (http) with context path ''
2024-02-01 22:56:31.877 [main] INFO  com.leonard.weblog.web.WeblogWebApplication - Started WeblogWebApplication in 1.357 seconds (JVM running for 1.703)
2024-02-01 22:56:35.929 [http-nio-8080-exec-1] INFO  o.a.c.core.ContainerBase.[Tomcat].[localhost].[/] - Initializing Spring DispatcherServlet 'dispatcherServlet'
2024-02-01 22:56:35.930 [http-nio-8080-exec-1] INFO  org.springframework.web.servlet.DispatcherServlet - Initializing Servlet 'dispatcherServlet'
2024-02-01 22:56:35.930 [http-nio-8080-exec-1] INFO  org.springframework.web.servlet.DispatcherServlet - Completed initialization in 0 ms
2024-02-01 22:56:35.991 [http-nio-8080-exec-1] INFO  c.l.weblog.common.aspect.ApiOperationLogAspect - ====== 请求开始: [测试接口], 入参: {"username":"admin","sex":1}, 请求类: TestController, 请求方法: test =================================== 
2024-02-01 22:56:36.000 [http-nio-8080-exec-1] INFO  c.l.weblog.common.aspect.ApiOperationLogAspect - ====== 请求结束: [测试接口], 耗时: 16ms, 出参: {"username":"admin","sex":1} =================================== 
2024-02-01 22:56:57.894 [main] INFO  com.leonard.weblog.web.WeblogWebApplication - Starting WeblogWebApplication using Java 17.0.10 on Leonard-PC with PID 884 (D:\Project\weblog\weblog-springboot\weblog-web\target\classes started by leonard in D:\Project\weblog\weblog-springboot)
2024-02-01 22:56:57.895 [main] INFO  com.leonard.weblog.web.WeblogWebApplication - The following profiles are active: prod
2024-02-01 22:56:58.542 [main] INFO  o.s.boot.web.embedded.tomcat.TomcatWebServer - Tomcat initialized with port(s): 8080 (http)
2024-02-01 22:56:58.548 [main] INFO  org.apache.catalina.core.StandardService - Starting service [Tomcat]
2024-02-01 22:56:58.548 [main] INFO  org.apache.catalina.core.StandardEngine - Starting Servlet engine: [Apache Tomcat/9.0.56]
2024-02-01 22:56:58.590 [main] INFO  o.a.c.core.ContainerBase.[Tomcat].[localhost].[/] - Initializing Spring embedded WebApplicationContext
2024-02-01 22:56:58.590 [main] INFO  o.s.b.w.s.c.ServletWebServerApplicationContext - Root WebApplicationContext: initialization completed in 666 ms
2024-02-01 22:56:58.848 [main] INFO  o.s.boot.web.embedded.tomcat.TomcatWebServer - Tomcat started on port(s): 8080 (http) with context path ''
2024-02-01 22:56:58.854 [main] INFO  com.leonard.weblog.web.WeblogWebApplication - Started WeblogWebApplication in 1.272 seconds (JVM running for 1.897)
2024-02-01 22:57:11.768 [http-nio-8080-exec-1] INFO  o.a.c.core.ContainerBase.[Tomcat].[localhost].[/] - Initializing Spring DispatcherServlet 'dispatcherServlet'
2024-02-01 22:57:11.768 [http-nio-8080-exec-1] INFO  org.springframework.web.servlet.DispatcherServlet - Initializing Servlet 'dispatcherServlet'
2024-02-01 22:57:11.769 [http-nio-8080-exec-1] INFO  org.springframework.web.servlet.DispatcherServlet - Completed initialization in 1 ms
2024-02-01 22:57:11.832 [http-nio-8080-exec-1] INFO  c.l.weblog.common.aspect.ApiOperationLogAspect - ====== 请求开始: [测试接口], 入参: {"username":"leonard","sex":1}, 请求类: TestController, 请求方法: test =================================== 
2024-02-01 22:57:11.839 [http-nio-8080-exec-1] INFO  c.l.weblog.common.aspect.ApiOperationLogAspect - ====== 请求结束: [测试接口], 耗时: 16ms, 出参: {"username":"leonard","sex":1} =================================== 
