[TraceId: ] 2024-02-02 20:28:23.954 [main] INFO  com.leonard.weblog.web.WeblogWebApplication - Starting WeblogWebApplication using Java 17.0.10 on Leonard-PC with PID 14368 (D:\Project\weblog\weblog-springboot\weblog-web\target\classes started by leonard in D:\Project\weblog\weblog-springboot)
[TraceId: ] 2024-02-02 20:28:23.956 [main] INFO  com.leonard.weblog.web.WeblogWebApplication - The following profiles are active: prod
[TraceId: ] 2024-02-02 20:28:24.587 [main] INFO  o.s.boot.web.embedded.tomcat.TomcatWebServer - Tomcat initialized with port(s): 8080 (http)
[TraceId: ] 2024-02-02 20:28:24.594 [main] INFO  org.apache.catalina.core.StandardService - Starting service [Tomcat]
[TraceId: ] 2024-02-02 20:28:24.595 [main] INFO  org.apache.catalina.core.StandardEngine - Starting Servlet engine: [Apache Tomcat/9.0.56]
[TraceId: ] 2024-02-02 20:28:24.636 [main] INFO  o.a.c.core.ContainerBase.[Tomcat].[localhost].[/] - Initializing Spring embedded WebApplicationContext
[TraceId: ] 2024-02-02 20:28:24.636 [main] INFO  o.s.b.w.s.c.ServletWebServerApplicationContext - Root WebApplicationContext: initialization completed in 655 ms
[TraceId: ] 2024-02-02 20:28:24.904 [main] INFO  o.s.boot.web.embedded.tomcat.TomcatWebServer - Tomcat started on port(s): 8080 (http) with context path ''
[TraceId: ] 2024-02-02 20:28:24.912 [main] INFO  com.leonard.weblog.web.WeblogWebApplication - Started WeblogWebApplication in 1.272 seconds (JVM running for 1.685)
[TraceId: ] 2024-02-02 20:28:37.596 [http-nio-8080-exec-1] INFO  o.a.c.core.ContainerBase.[Tomcat].[localhost].[/] - Initializing Spring DispatcherServlet 'dispatcherServlet'
[TraceId: ] 2024-02-02 20:28:37.596 [http-nio-8080-exec-1] INFO  org.springframework.web.servlet.DispatcherServlet - Initializing Servlet 'dispatcherServlet'
[TraceId: ] 2024-02-02 20:28:37.596 [http-nio-8080-exec-1] INFO  org.springframework.web.servlet.DispatcherServlet - Completed initialization in 0 ms
[TraceId: 64ce8379-5cc2-49a9-a1a2-7704ff487a34] 2024-02-02 20:28:37.659 [http-nio-8080-exec-1] INFO  c.l.weblog.common.aspect.ApiOperationLogAspect - ====== 请求开始: [测试接口], 入参: {"username":"bob","sex":1}, 请求类: TestController, 请求方法: test =================================== 
[TraceId: 64ce8379-5cc2-49a9-a1a2-7704ff487a34] 2024-02-02 20:28:37.668 [http-nio-8080-exec-1] INFO  c.l.weblog.common.aspect.ApiOperationLogAspect - ====== 请求结束: [测试接口], 耗时: 17ms, 出参: {"username":"bob","sex":1} =================================== 
[TraceId: ] 2024-02-02 21:18:57.687 [main] INFO  com.leonard.weblog.web.WeblogWebApplication - Starting WeblogWebApplication using Java 17.0.10 on Leonard-PC with PID 8104 (D:\Project\weblog\weblog-springboot\weblog-web\target\classes started by leonard in D:\Project\weblog\weblog-springboot)
[TraceId: ] 2024-02-02 21:18:57.691 [main] INFO  com.leonard.weblog.web.WeblogWebApplication - The following profiles are active: prod
[TraceId: ] 2024-02-02 21:18:58.355 [main] INFO  o.s.boot.web.embedded.tomcat.TomcatWebServer - Tomcat initialized with port(s): 8080 (http)
[TraceId: ] 2024-02-02 21:18:58.361 [main] INFO  org.apache.catalina.core.StandardService - Starting service [Tomcat]
[TraceId: ] 2024-02-02 21:18:58.361 [main] INFO  org.apache.catalina.core.StandardEngine - Starting Servlet engine: [Apache Tomcat/9.0.56]
[TraceId: ] 2024-02-02 21:18:58.398 [main] INFO  o.a.c.core.ContainerBase.[Tomcat].[localhost].[/] - Initializing Spring embedded WebApplicationContext
[TraceId: ] 2024-02-02 21:18:58.398 [main] INFO  o.s.b.w.s.c.ServletWebServerApplicationContext - Root WebApplicationContext: initialization completed in 674 ms
[TraceId: ] 2024-02-02 21:18:58.665 [main] INFO  o.s.boot.web.embedded.tomcat.TomcatWebServer - Tomcat started on port(s): 8080 (http) with context path ''
[TraceId: ] 2024-02-02 21:18:58.671 [main] INFO  com.leonard.weblog.web.WeblogWebApplication - Started WeblogWebApplication in 1.338 seconds (JVM running for 1.719)
[TraceId: ] 2024-02-02 21:19:05.263 [http-nio-8080-exec-1] INFO  o.a.c.core.ContainerBase.[Tomcat].[localhost].[/] - Initializing Spring DispatcherServlet 'dispatcherServlet'
[TraceId: ] 2024-02-02 21:19:05.263 [http-nio-8080-exec-1] INFO  org.springframework.web.servlet.DispatcherServlet - Initializing Servlet 'dispatcherServlet'
[TraceId: ] 2024-02-02 21:19:05.264 [http-nio-8080-exec-1] INFO  org.springframework.web.servlet.DispatcherServlet - Completed initialization in 0 ms
[TraceId: b1d072aa-e346-4984-bd83-ae07db2cc8e1] 2024-02-02 21:19:05.377 [http-nio-8080-exec-1] INFO  c.l.weblog.common.aspect.ApiOperationLogAspect - ====== 请求开始: [测试接口], 入参: {"username":"bob","sex":1,"age":null,"email":null}, org.springframework.validation.BeanPropertyBindingResult: 2 errors
Field error in object 'user' on field 'age': rejected value [null]; codes [NotNull.user.age,NotNull.age,NotNull.java.lang.Integer,NotNull]; arguments [org.springframework.context.support.DefaultMessageSourceResolvable: codes [user.age,age]; arguments []; default message [age]]; default message [年龄不能为空]
Field error in object 'user' on field 'email': rejected value [null]; codes [NotBlank.user.email,NotBlank.email,NotBlank.java.lang.String,NotBlank]; arguments [org.springframework.context.support.DefaultMessageSourceResolvable: codes [user.email,email]; arguments []; default message [email]]; default message [邮箱不能为空], 请求类: TestController, 请求方法: test =================================== 
[TraceId: b1d072aa-e346-4984-bd83-ae07db2cc8e1] 2024-02-02 21:19:05.391 [http-nio-8080-exec-1] INFO  c.l.weblog.common.aspect.ApiOperationLogAspect - ====== 请求结束: [测试接口], 耗时: 22ms, 出参: {"headers":{},"body":"年龄不能为空, 邮箱不能为空","statusCode":"BAD_REQUEST","statusCodeValue":400} =================================== 
[TraceId: 9977b573-d0bd-4ab5-9915-b07940abff18] 2024-02-02 21:19:48.557 [http-nio-8080-exec-2] INFO  c.l.weblog.common.aspect.ApiOperationLogAspect - ====== 请求开始: [测试接口], 入参: {"username":"bob","sex":1,"age":18,"email":"1212@qq.com"}, org.springframework.validation.BeanPropertyBindingResult: 0 errors, 请求类: TestController, 请求方法: test =================================== 
[TraceId: 9977b573-d0bd-4ab5-9915-b07940abff18] 2024-02-02 21:19:48.557 [http-nio-8080-exec-2] INFO  c.l.weblog.common.aspect.ApiOperationLogAspect - ====== 请求结束: [测试接口], 耗时: 0ms, 出参: {"headers":{},"body":"参数没有任何问题","statusCode":"OK","statusCodeValue":200} =================================== 
[TraceId: 55047f0a-9fa6-450d-9b3b-a3a9cdef126d] 2024-02-02 21:20:10.063 [http-nio-8080-exec-3] INFO  c.l.weblog.common.aspect.ApiOperationLogAspect - ====== 请求开始: [测试接口], 入参: {"username":"","sex":null,"age":10,"email":"1212@qq.com"}, org.springframework.validation.BeanPropertyBindingResult: 2 errors
Field error in object 'user' on field 'age': rejected value [10]; codes [Min.user.age,Min.age,Min.java.lang.Integer,Min]; arguments [org.springframework.context.support.DefaultMessageSourceResolvable: codes [user.age,age]; arguments []; default message [age],18]; default message [年龄必须大于或等于18]
Field error in object 'user' on field 'sex': rejected value [null]; codes [NotNull.user.sex,NotNull.sex,NotNull.java.lang.Integer,NotNull]; arguments [org.springframework.context.support.DefaultMessageSourceResolvable: codes [user.sex,sex]; arguments []; default message [sex]]; default message [性别不能为空], 请求类: TestController, 请求方法: test =================================== 
[TraceId: 55047f0a-9fa6-450d-9b3b-a3a9cdef126d] 2024-02-02 21:20:10.063 [http-nio-8080-exec-3] INFO  c.l.weblog.common.aspect.ApiOperationLogAspect - ====== 请求结束: [测试接口], 耗时: 0ms, 出参: {"headers":{},"body":"年龄必须大于或等于18, 性别不能为空","statusCode":"BAD_REQUEST","statusCodeValue":400} =================================== 
[TraceId: c1d60374-838b-46b8-b8e8-042b118ed38d] 2024-02-02 21:20:20.861 [http-nio-8080-exec-4] INFO  c.l.weblog.common.aspect.ApiOperationLogAspect - ====== 请求开始: [测试接口], 入参: {"username":"","sex":null,"age":10,"email":"1212@qq"}, org.springframework.validation.BeanPropertyBindingResult: 2 errors
Field error in object 'user' on field 'age': rejected value [10]; codes [Min.user.age,Min.age,Min.java.lang.Integer,Min]; arguments [org.springframework.context.support.DefaultMessageSourceResolvable: codes [user.age,age]; arguments []; default message [age],18]; default message [年龄必须大于或等于18]
Field error in object 'user' on field 'sex': rejected value [null]; codes [NotNull.user.sex,NotNull.sex,NotNull.java.lang.Integer,NotNull]; arguments [org.springframework.context.support.DefaultMessageSourceResolvable: codes [user.sex,sex]; arguments []; default message [sex]]; default message [性别不能为空], 请求类: TestController, 请求方法: test =================================== 
[TraceId: c1d60374-838b-46b8-b8e8-042b118ed38d] 2024-02-02 21:20:20.861 [http-nio-8080-exec-4] INFO  c.l.weblog.common.aspect.ApiOperationLogAspect - ====== 请求结束: [测试接口], 耗时: 1ms, 出参: {"headers":{},"body":"年龄必须大于或等于18, 性别不能为空","statusCode":"BAD_REQUEST","statusCodeValue":400} =================================== 
[TraceId: 2c56d50d-118f-44aa-a8e2-407ceb8a6470] 2024-02-02 21:20:26.796 [http-nio-8080-exec-5] INFO  c.l.weblog.common.aspect.ApiOperationLogAspect - ====== 请求开始: [测试接口], 入参: {"username":"","sex":null,"age":10,"email":"1212qq"}, org.springframework.validation.BeanPropertyBindingResult: 3 errors
Field error in object 'user' on field 'sex': rejected value [null]; codes [NotNull.user.sex,NotNull.sex,NotNull.java.lang.Integer,NotNull]; arguments [org.springframework.context.support.DefaultMessageSourceResolvable: codes [user.sex,sex]; arguments []; default message [sex]]; default message [性别不能为空]
Field error in object 'user' on field 'age': rejected value [10]; codes [Min.user.age,Min.age,Min.java.lang.Integer,Min]; arguments [org.springframework.context.support.DefaultMessageSourceResolvable: codes [user.age,age]; arguments []; default message [age],18]; default message [年龄必须大于或等于18]
Field error in object 'user' on field 'email': rejected value [1212qq]; codes [Email.user.email,Email.email,Email.java.lang.String,Email]; arguments [org.springframework.context.support.DefaultMessageSourceResolvable: codes [user.email,email]; arguments []; default message [email],[Ljavax.validation.constraints.Pattern$Flag;@6d7cacad,.*]; default message [邮箱格式不正确], 请求类: TestController, 请求方法: test =================================== 
[TraceId: 2c56d50d-118f-44aa-a8e2-407ceb8a6470] 2024-02-02 21:20:26.796 [http-nio-8080-exec-5] INFO  c.l.weblog.common.aspect.ApiOperationLogAspect - ====== 请求结束: [测试接口], 耗时: 1ms, 出参: {"headers":{},"body":"性别不能为空, 年龄必须大于或等于18, 邮箱格式不正确","statusCode":"BAD_REQUEST","statusCodeValue":400} =================================== 
